Flutter crash report; please file at https://github.com/flutter/flutter/issues.

## command

flutter run --machine --target lib/main.dart -d pnob4l75kbk7wk7d --track-widget-creation --dart-define=flutter.inspector.structuredErrors=true --start-paused

## exception

StateError: Bad state: Stream is already closed

```
#0      _SinkTransformerStreamSubscription._add (dart:async/stream_transformers.dart:68:7)
#1      _EventSinkWrapper.add (dart:async/stream_transformers.dart:17:11)
#2      _throttle.<anonymous closure>.<anonymous closure> (package:flutter_tools/src/protocol_discovery.dart:239:18)
#3      _rootRun (dart:async/zone.dart:1180:38)
#4      _CustomZone.run (dart:async/zone.dart:1077:19)
#5      _FutureListener.handleWhenComplete (dart:async/future_impl.dart:165:18)
#6      Future._propagateToListeners.handleWhenCompleteCallback (dart:async/future_impl.dart:652:39)
#7      Future._propagateToListeners (dart:async/future_impl.dart:708:37)
#8      Future._complete (dart:async/future_impl.dart:516:7)
#9      new Future.delayed.<anonymous closure> (dart:async/future.dart:315:16)
#10     _rootRun (dart:async/zone.dart:1180:38)
#11     _CustomZone.run (dart:async/zone.dart:1077:19)
#12     _CustomZone.runGuarded (dart:async/zone.dart:979:7)
#13     _CustomZone.bindCallbackGuarded.<anonymous closure> (dart:async/zone.dart:1019:23)
#14     _rootRun (dart:async/zone.dart:1184:13)
#15     _CustomZone.run (dart:async/zone.dart:1077:19)
#16     _CustomZone.bindCallback.<anonymous closure> (dart:async/zone.dart:1003:23)
#17     Timer._createTimer.<anonymous closure> (dart:async-patch/timer_patch.dart:23:15)
#18     _Timer._runTimers (dart:isolate-patch/timer_impl.dart:398:19)
#19     _Timer._handleMessage (dart:isolate-patch/timer_impl.dart:429:5)
#20     _RawReceivePortImpl._handleMessage (dart:isolate-patch/isolate_patch.dart:168:12)
```

## flutter doctor

```
[✓] Flutter (Channel stable, v1.17.5, on Linux, locale en_US.UTF-8)
    • Flutter version 1.17.5 at /home/sumit/Documents/flutterDevelopment/flutter
    • Framework revision 8af6b2f038 (4 weeks ago), 2020-06-30 12:53:55 -0700
    • Engine revision ee76268252
    • Dart version 2.8.4

[✓] Android toolchain - develop for Android devices (Android SDK version 29.0.3)
    • Android SDK at /home/sumit/Android/Sdk
    • Platform android-29, build-tools 29.0.3
    • Java binary at: /snap/android-studio/90/android-studio/jre/bin/java
    • Java version OpenJDK Runtime Environment (build 1.8.0_242-release-1644-b3-6222593)
    • All Android licenses accepted.

[✓] Android Studio (version 4.0)
    • Android Studio at /snap/android-studio/90/android-studio
    • Flutter plugin version 47.1.2
    • Dart plugin version 193.7361
    • Java version OpenJDK Runtime Environment (build 1.8.0_242-release-1644-b3-6222593)

[✓] VS Code (version 1.47.1)
    • VS Code at /usr/share/code
    • Flutter extension version 3.12.2

[✓] Connected device (1 available)
    • Redmi Note 8 Pro • pnob4l75kbk7wk7d • android-arm64 • Android 10 (API 29)

• No issues found!
```
